<?xml version="1.0" encoding="UTF-8"?>
<testsuite xmlns:xsi="http://www.w3.org/2001/XMLSchema-instance" xsi:noNamespaceSchemaLocation="https://maven.apache.org/surefire/maven-surefire-plugin/xsd/surefire-test-report.xsd" version="3.0.2" name="com.sablestone.booking.service.AvailabilityServiceTest" time="0.098" tests="3" errors="0" skipped="0" failures="0">
  <properties>
[...]
</properties>
  <testcase name="excludesBlockedPeriodsAndKeepsFullAppointmentWithinHours" classname="com.sablestone.booking.service.AvailabilityServiceTest" time="0.038"/>
  <testcase name="returnsSlotsForAnOpenDate" classname="com.sablestone.booking.service.AvailabilityServiceTest" time="0.002"/>
  <testcase name="returnsNoSlotsOnClosedDays" classname="com.sablestone.booking.service.AvailabilityServiceTest" time="0.002"/>
</testsuite>